<?xml version="1.0" encoding="UTF-8"?>
<testsuite name="ru.nsu.kozoliy.TestPolynomial" tests="21" skipped="0" failures="0" errors="0" timestamp="2023-10-04T05:24:47" hostname="MELLO" time="0.099">
  <properties/>
  <testcase name="testNotEqual()" classname="ru.nsu.kozoliy.TestPolynomial" time="0.043"/>
  <testcase name="testMultiplicationLargeExponent()" classname="ru.nsu.kozoliy.TestPolynomial" time="0.003"/>
  <testcase name="testMultiplicationVoidFirst()" classname="ru.nsu.kozoliy.TestPolynomial" time="0.001"/>
  <testcase name="testAllInOne()" classname="ru.nsu.kozoliy.TestPolynomial" time="0.001"/>
  <testcase name="testMultiplicationVoidSecond()" classname="ru.nsu.kozoliy.TestPolynomial" time="0.001"/>
  <testcase name="testToString()" classname="ru.nsu.kozoliy.TestPolynomial" time="0.001"/>
  <testcase name="testDifferentiate()" classname="ru.nsu.kozoliy.TestPolynomial" time="0.001"/>
  <testcase name="testMultiplication()" classname="ru.nsu.kozoliy.TestPolynomial" time="0.001"/>
  <testcase name="testAddition()" classname="ru.nsu.kozoliy.TestPolynomial" time="0.001"/>
  <testcase name="testVoidEqual()" classname="ru.nsu.kozoliy.TestPolynomial" time="0.001"/>
  <testcase name="testSecondDifferentiate()" classname="ru.nsu.kozoliy.TestPolynomial" time="0.001"/>
  <testcase name="testSubToZero()" classname="ru.nsu.kozoliy.TestPolynomial" time="0.002"/>
  <testcase name="testAdditionAndSubtraction()" classname="ru.nsu.kozoliy.TestPolynomial" time="0.001"/>
  <testcase name="voidSum()" classname="ru.nsu.kozoliy.TestPolynomial" time="0.001"/>
  <testcase name="testAdditionAndMultiplicationByTwo()" classname="ru.nsu.kozoliy.TestPolynomial" time="0.002"/>
  <testcase name="testEvaluateZeroPolynomial()" classname="ru.nsu.kozoliy.TestPolynomial" time="0.002"/>
  <testcase name="testLowerZerosSub()" classname="ru.nsu.kozoliy.TestPolynomial" time="0.001"/>
  <testcase name="testLowerZerosSum()" classname="ru.nsu.kozoliy.TestPolynomial" time="0.001"/>
  <testcase name="testEvaluate()" classname="ru.nsu.kozoliy.TestPolynomial" time="0.001"/>
  <testcase name="testSumToZero()" classname="ru.nsu.kozoliy.TestPolynomial" time="0.001"/>
  <testcase name="testSubtraction()" classname="ru.nsu.kozoliy.TestPolynomial" time="0.001"/>
  <system-out><![CDATA[]]></system-out>
  <system-err><![CDATA[]]></system-err>
</testsuite>
