<?xml version="1.0" encoding="UTF-8"?>
<testsuite name="ru.nsu.kozoliy.TestGraphInterpretation" tests="3" skipped="0" failures="0" errors="0" timestamp="2023-11-06T10:50:00" hostname="MELLO" time="0.089">
  <properties/>
  <testcase name="graphAdjacencyMatrixTest()" classname="ru.nsu.kozoliy.TestGraphInterpretation" time="0.074"/>
  <testcase name="graphAdjacencyListTest()" classname="ru.nsu.kozoliy.TestGraphInterpretation" time="0.007"/>
  <testcase name="graphIncidenceMatrixTest()" classname="ru.nsu.kozoliy.TestGraphInterpretation" time="0.006"/>
  <system-out><![CDATA[]]></system-out>
  <system-err><![CDATA[]]></system-err>
</testsuite>
