<?xml version="1.0" encoding="UTF-8"?>
<testsuite name="TestsForParallelStreamDetector" tests="4" skipped="0" failures="0" errors="0" timestamp="2024-02-20T04:10:15" hostname="MELLO" time="0.259">
  <properties/>
  <testcase name="testParallelStreamNonPrimeInMiddle()" classname="TestsForParallelStreamDetector" time="0.08"/>
  <testcase name="testParallelStreamEmpty()" classname="TestsForParallelStreamDetector" time="0.004"/>
  <testcase name="testParallelStreamNonPrime()" classname="TestsForParallelStreamDetector" time="0.166"/>
  <testcase name="testParallelStream2()" classname="TestsForParallelStreamDetector" time="0.002"/>
  <system-out><![CDATA[]]></system-out>
  <system-err><![CDATA[]]></system-err>
</testsuite>
