<?xml version="1.0" encoding="UTF-8"?>
<testsuite name="ru.nsu.kozoliy.SnakeGameViewTest" tests="1" skipped="0" failures="0" errors="0" timestamp="2024-05-10T15:06:02" hostname="MELLO" time="1.033">
  <properties/>
  <testcase name="testController()" classname="ru.nsu.kozoliy.SnakeGameViewTest" time="1.033"/>
  <system-out><![CDATA[]]></system-out>
  <system-err><![CDATA[]]></system-err>
</testsuite>
