<?xml version="1.0" encoding="UTF-8"?>
<testsuite name="ru.nsu.kozoliy.TestNotes" tests="1" skipped="0" failures="0" errors="0" timestamp="2023-12-27T13:22:51" hostname="MELLO" time="1.826">
  <properties/>
  <testcase name="run_AddNotePrintSuccessMessage()" classname="ru.nsu.kozoliy.TestNotes" time="1.826"/>
  <system-out><![CDATA[]]></system-out>
  <system-err><![CDATA[]]></system-err>
</testsuite>
