<?xml version="1.0" encoding="UTF-8"?>
<testsuite name="TestPizzeria" tests="8" skipped="0" failures="0" errors="0" timestamp="2024-04-09T18:44:43" hostname="MELLO" time="37.865">
  <properties/>
  <testcase name="testSingletonInstance()" classname="TestPizzeria" time="3.092"/>
  <testcase name="testGetOrder()" classname="TestPizzeria" time="0.086"/>
  <testcase name="testWorkerService()" classname="TestPizzeria" time="19.06"/>
  <testcase name="TestParser()" classname="TestPizzeria" time="11.532"/>
  <testcase name="testAddOrder()" classname="TestPizzeria" time="0.036"/>
  <testcase name="testCustomerServices()" classname="TestPizzeria" time="4.022"/>
  <testcase name="testCustomerRepository()" classname="TestPizzeria" time="0.014"/>
  <testcase name="testIsFull()" classname="TestPizzeria" time="0.009"/>
  <system-out><![CDATA[Hello from customer ru.nsu.kozoliy.Entities.User@4d5d5ee5
РїРѕСЃС‚СѓРїРёР» Р·Р°РєР°Р· РїРѕРґ РЅРѕРјРµСЂРѕРј:  0
User ru.nsu.kozoliy.Entities.User@4d5d5ee5 was interrupted
РџРµРєР°СЂСЊ: Alex JacksonР’С‹С€РµР» РЅР° СЃРјРµРЅСѓ
РџРµРєР°СЂСЊ: Alex JacksonР’С‹С€РµР» РЅР° СЃРјРµРЅСѓ
AlexJackson РІС‹РїРµРєР°РµС‚ 30 СЃР°РЅС‚РёРјРµС‚СЂРѕРІСѓСЋ РїРёС†С†Сѓ Vegan.
Alex Р·Р°РІРµСЂС€РёР» РїСЂРёРіРѕС‚РѕРІР»РµРЅРёРµ РїРёС†С†С‹ Vegan.
AlexJackson РІС‹РїРµРєР°РµС‚ 25 СЃР°РЅС‚РёРјРµС‚СЂРѕРІСѓСЋ РїРёС†С†Сѓ BBQ.
РџРµРєР°СЂСЏ РїСЂРµСЂРІР°Р»Рё
РџРµРєР°СЂСЏ РїСЂРµСЂРІР°Р»Рё
РљСѓСЂСЊРµСЂР° РїСЂРµСЂРІР°Р»Рё
РљСѓСЂСЊРµСЂР° РїСЂРµСЂРІР°Р»Рё
РїРѕСЃС‚СѓРїРёР» Р·Р°РєР°Р· РїРѕРґ РЅРѕРјРµСЂРѕРј:  0
РџРµРєР°СЂСЊ: Alex JacksonР’С‹С€РµР» РЅР° СЃРјРµРЅСѓ
AlexJackson РІС‹РїРµРєР°РµС‚ 30 СЃР°РЅС‚РёРјРµС‚СЂРѕРІСѓСЋ РїРёС†С†Сѓ Vegan.
0
Alex Р·Р°РІРµСЂС€РёР» РїСЂРёРіРѕС‚РѕРІР»РµРЅРёРµ РїРёС†С†С‹ Vegan.
AlexJackson РІС‹РїРµРєР°РµС‚ 25 СЃР°РЅС‚РёРјРµС‚СЂРѕРІСѓСЋ РїРёС†С†Сѓ BBQ.
РџРµРєР°СЂСЏ РїСЂРµСЂРІР°Р»Рё
РљСѓСЂСЊРµСЂР° РїСЂРµСЂРІР°Р»Рё
Hello from customer ru.nsu.kozoliy.Entities.User@2817f617
Hello from customer ru.nsu.kozoliy.Entities.User@2e2add76
Hello from customer ru.nsu.kozoliy.Entities.User@31ccf5f2
РїРѕСЃС‚СѓРїРёР» Р·Р°РєР°Р· РїРѕРґ РЅРѕРјРµСЂРѕРј:  0
РїРѕСЃС‚СѓРїРёР» Р·Р°РєР°Р· РїРѕРґ РЅРѕРјРµСЂРѕРј:  1
РїРѕСЃС‚СѓРїРёР» Р·Р°РєР°Р· РїРѕРґ РЅРѕРјРµСЂРѕРј:  2
User ru.nsu.kozoliy.Entities.User@2817f617 was interrupted
User ru.nsu.kozoliy.Entities.User@2e2add76 was interrupted
User ru.nsu.kozoliy.Entities.User@31ccf5f2 was interrupted
false
]]></system-out>
  <system-err><![CDATA[]]></system-err>
</testsuite>
