<?xml version="1.0" encoding="UTF-8"?>
<testsuite name="TestPizzeria" tests="1" skipped="0" failures="0" errors="0" timestamp="2024-04-09T18:11:01" hostname="MELLO" time="11.64">
  <properties/>
  <testcase name="TestParser()" classname="TestPizzeria" time="11.64"/>
  <system-out><![CDATA[РїРѕСЃС‚СѓРїРёР» Р·Р°РєР°Р· РїРѕРґ РЅРѕРјРµСЂРѕРј:  0
1
РџРµРєР°СЂСЊ: Alex JacksonР’С‹С€РµР» РЅР° СЃРјРµРЅСѓ
AlexJackson РІС‹РїРµРєР°РµС‚ 30 СЃР°РЅС‚РёРјРµС‚СЂРѕРІСѓСЋ РїРёС†С†Сѓ Vegan.
Alex Р·Р°РІРµСЂС€РёР» РїСЂРёРіРѕС‚РѕРІР»РµРЅРёРµ РїРёС†С†С‹ Vegan.
AlexJackson РІС‹РїРµРєР°РµС‚ 25 СЃР°РЅС‚РёРјРµС‚СЂРѕРІСѓСЋ РїРёС†С†Сѓ BBQ.
РџРµРєР°СЂСЏ РїСЂРµСЂРІР°Р»Рё
РљСѓСЂСЊРµСЂ Ivan Vlasenko РїРѕР»СѓС‡РёР» РїРёС†С†Сѓ Order{id=1, pizzas=[Pizza{size='30', type=Vegan, isCooked=true}, Pizza{size='25', type=BBQ, isCooked=false}]}
РљСѓСЂСЊРµСЂР° РїСЂРµСЂРІР°Р»Рё
]]></system-out>
  <system-err><![CDATA[]]></system-err>
</testsuite>
